<?xml version="1.0" encoding="utf-8"?><testsuites><testsuite name="pytest" errors="0" failures="0" skipped="0" tests="4" time="0.062" timestamp="2023-03-29T06:34:24.293915" hostname="DESKTOP-5TGMCQ4"><testcase classname="tests_networking.TestStringMethods" name="test_invalid_cidr_to_mask" time="0.002" /><testcase classname="tests_networking.TestStringMethods" name="test_invalid_mask_to_cidr" time="0.001" /><testcase classname="tests_networking.TestStringMethods" name="test_valid_cidr_to_mask" time="0.001" /><testcase classname="tests_networking.TestStringMethods" name="test_valid_mask_to_cidr" time="0.001" /></testsuite></testsuites>